\BOOKMARK [0][-]{cover.0}{\376\377\000F\000r\000o\000n\000t}{}% 1
\BOOKMARK [0][-]{abstract1.0}{\376\377\000R\000\351\000s\000u\000m\000\351}{}% 2
\BOOKMARK [0][-]{abstract2.0}{\376\377\000A\000b\000s\000t\000r\000a\000c\000t}{}% 3
\BOOKMARK [0][-]{toc.0}{\376\377\000I\000n\000d\000i\000c\000e}{}% 4
\BOOKMARK [0][-]{chapter*.7}{\376\377\000T\000a\000b\000l\000e\000\040\000d\000e\000s\000\040\000f\000i\000g\000u\000r\000e\000s}{}% 5
\BOOKMARK [0][-]{chapter*.8}{\376\377\000L\000i\000s\000t\000e\000\040\000d\000e\000s\000\040\000t\000a\000b\000l\000e\000a\000u\000x}{}% 6
\BOOKMARK [0][-]{chapter*.9}{\376\377\000L\000i\000s\000t\000i\000n\000g\000s}{}% 7
\BOOKMARK [0][-]{chapter.1}{\376\377\000I\000n\000t\000r\000o\000d\000u\000c\000t\000i\000o\000n}{}% 8
\BOOKMARK [1][-]{section.1.1}{\376\377\000C\000o\000n\000t\000e\000x\000t\000u\000a\000l\000i\000s\000a\000t\000i\000o\000n}{chapter.1}% 9
\BOOKMARK [1][-]{section.1.2}{\376\377\000D\000e\000s\000c\000r\000i\000p\000t\000i\000o\000n\000\040\000d\000u\000\040\000p\000r\000o\000j\000e\000t}{chapter.1}% 10
\BOOKMARK [2][-]{subsection.1.2.1}{\376\377\000O\000b\000j\000e\000c\000t\000i\000f\000s}{section.1.2}% 11
\BOOKMARK [1][-]{section.1.3}{\376\377\000C\000a\000l\000e\000n\000d\000r\000i\000e\000r}{chapter.1}% 12
\BOOKMARK [1][-]{section.1.4}{\376\377\000O\000r\000g\000a\000n\000i\000s\000a\000t\000i\000o\000n\000\040\000d\000u\000\040\000r\000a\000p\000p\000o\000r\000t}{chapter.1}% 13
\BOOKMARK [0][-]{chapter.2}{\376\377\000C\000o\000m\000m\000e\000n\000t\000\040\000u\000t\000i\000l\000i\000s\000e\000r\000\040\000l\000e\000\040\000t\000e\000m\000p\000l\000a\000t\000e\000\040\000L\000a\000T\000e\000X\000\040\000p\000o\000u\000r\000\040\000l\000e\000s\000\040\000m\000\351\000m\000o\000i\000r\000e\000s}{}% 14
\BOOKMARK [1][-]{section.2.1}{\376\377\000I\000n\000t\000r\000o\000d\000u\000c\000t\000i\000o\000n\000\040\000\340\000\040\000L\000a\000T\000e\000X}{chapter.2}% 15
\BOOKMARK [1][-]{section.2.2}{\376\377\000C\000o\000m\000m\000e\000n\000t\000\040\000u\000t\000i\000l\000i\000s\000e\000r\000\040\000l\000e\000\040\000m\000o\000d\000\350\000l\000e}{chapter.2}% 16
\BOOKMARK [1][-]{section.2.3}{\376\377\000F\000o\000r\000m\000a\000t\000s\000\040\000e\000t\000\040\000r\000\350\000g\000l\000e\000s}{chapter.2}% 17
\BOOKMARK [1][-]{section.2.4}{\376\377\000N\000o\000t\000e\000s\000\040\000s\000u\000p\000p\000l\000\351\000m\000e\000n\000t\000a\000i\000r\000e\000s}{chapter.2}% 18
\BOOKMARK [0][-]{chapter.3}{\376\377\000C\000o\000n\000c\000l\000u\000s\000i\000o\000n}{}% 19
\BOOKMARK [1][-]{section.3.1}{\376\377\000P\000e\000r\000s\000p\000e\000c\000t\000i\000v\000e\000s}{chapter.3}% 20
\BOOKMARK [0][-]{section*.26}{\376\377\000R\000\351\000f\000\351\000r\000e\000n\000c\000e\000s}{}% 21
\BOOKMARK [0][-]{appendix.A}{\376\377\000F\000i\000c\000h\000e\000\040\000n\000\272\0001}{}% 22
\BOOKMARK [1][-]{section.A.1}{\376\377\000D\000e\000s\000c\000r\000i\000p\000t\000i\000o\000n\000\040\000d\000e\000\040\000l\000'\000a\000r\000t\000i\000c\000l\000e}{appendix.A}% 23
\BOOKMARK [1][-]{section.A.2}{\376\377\000S\000y\000n\000t\000h\000\350\000s\000e\000\040\000d\000e\000\040\000l\000'\000a\000r\000t\000i\000c\000l\000e}{appendix.A}% 24
\BOOKMARK [0][-]{appendix.B}{\376\377\000F\000i\000c\000h\000e\000\040\000n\000\272\0002}{}% 25
\BOOKMARK [1][-]{section.B.1}{\376\377\000D\000e\000s\000c\000r\000i\000p\000t\000i\000o\000n\000\040\000d\000e\000\040\000l\000'\000a\000r\000t\000i\000c\000l\000e}{appendix.B}% 26
\BOOKMARK [1][-]{section.B.2}{\376\377\000S\000y\000n\000t\000h\000\350\000s\000e\000\040\000d\000e\000\040\000l\000'\000a\000r\000t\000i\000c\000l\000e}{appendix.B}% 27
\BOOKMARK [0][-]{appendix.C}{\376\377\000F\000i\000c\000h\000e\000\040\000n\000\272\0003}{}% 28
\BOOKMARK [1][-]{section.C.1}{\376\377\000D\000e\000s\000c\000r\000i\000p\000t\000i\000o\000n\000\040\000d\000e\000\040\000l\000'\000a\000r\000t\000i\000c\000l\000e}{appendix.C}% 29
\BOOKMARK [1][-]{section.C.2}{\376\377\000S\000y\000n\000t\000h\000\350\000s\000e\000\040\000d\000e\000\040\000l\000'\000a\000r\000t\000i\000c\000l\000e}{appendix.C}% 30
\BOOKMARK [0][-]{appendix.D}{\376\377\000F\000i\000c\000h\000e\000\040\000n\000\272\0004}{}% 31
\BOOKMARK [1][-]{section.D.1}{\376\377\000D\000e\000s\000c\000r\000i\000p\000t\000i\000o\000n\000\040\000d\000e\000\040\000l\000'\000a\000r\000t\000i\000c\000l\000e}{appendix.D}% 32
\BOOKMARK [1][-]{section.D.2}{\376\377\000S\000y\000n\000t\000h\000\350\000s\000e\000\040\000d\000e\000\040\000l\000'\000a\000r\000t\000i\000c\000l\000e}{appendix.D}% 33
\BOOKMARK [0][-]{appendix.E}{\376\377\000T\000i\000t\000r\000e\000\040\000d\000e\000\040\000l\000'\000a\000n\000n\000e\000x\000e}{}% 34
\BOOKMARK [1][-]{section.E.1}{\376\377\000S\000e\000c\000t\000i\000o\000n}{appendix.E}% 35
\BOOKMARK [1][-]{section.E.2}{\376\377\000U\000n\000e\000\040\000a\000u\000t\000r\000e\000\040\000s\000e\000c\000t\000i\000o\000n\000\040\000d\000e\000\040\000l\000'\000a\000n\000n\000e\000x\000e\000\040\000E}{appendix.E}% 36
